[20-Sep-2022 19:27:35 UTC] PHP Warning:  Undefined variable $POST in /Users/agaly/Desktop/www/test.ru/index.php on line 18
[20-Sep-2022 19:27:35 UTC] PHP Warning:  Trying to access array offset on value of type null in /Users/agaly/Desktop/www/test.ru/index.php on line 18
[20-Sep-2022 19:27:41 UTC] PHP Warning:  Undefined array key "data" in /Users/agaly/Desktop/www/test.ru/index.php on line 18
[20-Sep-2022 19:27:50 UTC] PHP Warning:  Undefined array key "data" in /Users/agaly/Desktop/www/test.ru/index.php on line 18
[20-Sep-2022 19:47:45 UTC] PHP Warning:  Array to string conversion in /Users/agaly/Desktop/www/test.ru/index.php on line 22
[20-Sep-2022 20:05:32 UTC] PHP Warning:  foreach() argument must be of type array|object, null given in /Users/agaly/Desktop/www/test.ru/index.php on line 22
[20-Sep-2022 20:48:43 UTC] PHP Warning:  Array to string conversion in /Users/agaly/Desktop/www/test.ru/index.php on line 16
[20-Sep-2022 20:54:03 UTC] PHP Warning:  mkdir(): File exists in /Users/agaly/Desktop/www/test.ru/index.php on line 20
[20-Sep-2022 20:54:03 UTC] PHP Warning:  mkdir(): File exists in /Users/agaly/Desktop/www/test.ru/index.php on line 20
[20-Sep-2022 20:54:03 UTC] PHP Warning:  mkdir(): File exists in /Users/agaly/Desktop/www/test.ru/index.php on line 23
[20-Sep-2022 20:54:03 UTC] PHP Warning:  mkdir(): File exists in /Users/agaly/Desktop/www/test.ru/index.php on line 20
[20-Sep-2022 20:54:03 UTC] PHP Warning:  mkdir(): File exists in /Users/agaly/Desktop/www/test.ru/index.php on line 23
[20-Sep-2022 20:54:03 UTC] PHP Warning:  mkdir(): File exists in /Users/agaly/Desktop/www/test.ru/index.php on line 20
[20-Sep-2022 20:54:03 UTC] PHP Warning:  mkdir(): File exists in /Users/agaly/Desktop/www/test.ru/index.php on line 23
[20-Sep-2022 20:54:03 UTC] PHP Warning:  mkdir(): File exists in /Users/agaly/Desktop/www/test.ru/index.php on line 20
[20-Sep-2022 20:54:03 UTC] PHP Warning:  mkdir(): File exists in /Users/agaly/Desktop/www/test.ru/index.php on line 20
[20-Sep-2022 20:54:03 UTC] PHP Warning:  mkdir(): File exists in /Users/agaly/Desktop/www/test.ru/index.php on line 23
[20-Sep-2022 20:54:03 UTC] PHP Warning:  mkdir(): File exists in /Users/agaly/Desktop/www/test.ru/index.php on line 20
[20-Sep-2022 20:54:03 UTC] PHP Warning:  mkdir(): File exists in /Users/agaly/Desktop/www/test.ru/index.php on line 20
[20-Sep-2022 20:54:03 UTC] PHP Warning:  mkdir(): File exists in /Users/agaly/Desktop/www/test.ru/index.php on line 23
[20-Sep-2022 20:54:03 UTC] PHP Warning:  mkdir(): File exists in /Users/agaly/Desktop/www/test.ru/index.php on line 20
[20-Sep-2022 20:54:03 UTC] PHP Warning:  mkdir(): File exists in /Users/agaly/Desktop/www/test.ru/index.php on line 20
[20-Sep-2022 20:54:03 UTC] PHP Warning:  mkdir(): File exists in /Users/agaly/Desktop/www/test.ru/index.php on line 23
[20-Sep-2022 20:54:03 UTC] PHP Warning:  mkdir(): File exists in /Users/agaly/Desktop/www/test.ru/index.php on line 20
[20-Sep-2022 20:54:03 UTC] PHP Warning:  mkdir(): File exists in /Users/agaly/Desktop/www/test.ru/index.php on line 20
[20-Sep-2022 20:54:03 UTC] PHP Warning:  mkdir(): File exists in /Users/agaly/Desktop/www/test.ru/index.php on line 20
[20-Sep-2022 20:54:03 UTC] PHP Warning:  mkdir(): File exists in /Users/agaly/Desktop/www/test.ru/index.php on line 23
[20-Sep-2022 20:54:03 UTC] PHP Warning:  mkdir(): File exists in /Users/agaly/Desktop/www/test.ru/index.php on line 20
[20-Sep-2022 20:54:03 UTC] PHP Warning:  mkdir(): File exists in /Users/agaly/Desktop/www/test.ru/index.php on line 23
[20-Sep-2022 20:54:03 UTC] PHP Warning:  mkdir(): File exists in /Users/agaly/Desktop/www/test.ru/index.php on line 20
[20-Sep-2022 20:54:03 UTC] PHP Warning:  mkdir(): File exists in /Users/agaly/Desktop/www/test.ru/index.php on line 23
[20-Sep-2022 20:54:03 UTC] PHP Warning:  mkdir(): File exists in /Users/agaly/Desktop/www/test.ru/index.php on line 20
[20-Sep-2022 20:54:03 UTC] PHP Warning:  mkdir(): File exists in /Users/agaly/Desktop/www/test.ru/index.php on line 23
[20-Sep-2022 20:54:03 UTC] PHP Warning:  mkdir(): File exists in /Users/agaly/Desktop/www/test.ru/index.php on line 20
[20-Sep-2022 20:54:03 UTC] PHP Warning:  mkdir(): File exists in /Users/agaly/Desktop/www/test.ru/index.php on line 23
[20-Sep-2022 20:54:03 UTC] PHP Warning:  mkdir(): File exists in /Users/agaly/Desktop/www/test.ru/index.php on line 20
[20-Sep-2022 20:54:03 UTC] PHP Warning:  mkdir(): File exists in /Users/agaly/Desktop/www/test.ru/index.php on line 23
[20-Sep-2022 20:54:03 UTC] PHP Warning:  mkdir(): File exists in /Users/agaly/Desktop/www/test.ru/index.php on line 20
[20-Sep-2022 20:54:03 UTC] PHP Warning:  mkdir(): File exists in /Users/agaly/Desktop/www/test.ru/index.php on line 20
[20-Sep-2022 20:54:03 UTC] PHP Warning:  mkdir(): File exists in /Users/agaly/Desktop/www/test.ru/index.php on line 23
[20-Sep-2022 20:54:03 UTC] PHP Warning:  mkdir(): File exists in /Users/agaly/Desktop/www/test.ru/index.php on line 20
[20-Sep-2022 20:54:03 UTC] PHP Warning:  mkdir(): File exists in /Users/agaly/Desktop/www/test.ru/index.php on line 23
[20-Sep-2022 20:54:03 UTC] PHP Warning:  mkdir(): File exists in /Users/agaly/Desktop/www/test.ru/index.php on line 20
[20-Sep-2022 20:54:03 UTC] PHP Warning:  mkdir(): File exists in /Users/agaly/Desktop/www/test.ru/index.php on line 23
[20-Sep-2022 20:54:03 UTC] PHP Warning:  mkdir(): File exists in /Users/agaly/Desktop/www/test.ru/index.php on line 20
[20-Sep-2022 20:54:03 UTC] PHP Warning:  mkdir(): File exists in /Users/agaly/Desktop/www/test.ru/index.php on line 23
[20-Sep-2022 20:54:03 UTC] PHP Warning:  mkdir(): File exists in /Users/agaly/Desktop/www/test.ru/index.php on line 20
[20-Sep-2022 20:54:03 UTC] PHP Warning:  mkdir(): File exists in /Users/agaly/Desktop/www/test.ru/index.php on line 23
[20-Sep-2022 20:54:03 UTC] PHP Warning:  mkdir(): File exists in /Users/agaly/Desktop/www/test.ru/index.php on line 20
[20-Sep-2022 20:54:03 UTC] PHP Warning:  mkdir(): File exists in /Users/agaly/Desktop/www/test.ru/index.php on line 23
[20-Sep-2022 20:54:03 UTC] PHP Warning:  mkdir(): File exists in /Users/agaly/Desktop/www/test.ru/index.php on line 20
[20-Sep-2022 20:54:03 UTC] PHP Warning:  mkdir(): File exists in /Users/agaly/Desktop/www/test.ru/index.php on line 23
[20-Sep-2022 20:54:03 UTC] PHP Warning:  mkdir(): File exists in /Users/agaly/Desktop/www/test.ru/index.php on line 20
[20-Sep-2022 20:54:03 UTC] PHP Warning:  mkdir(): File exists in /Users/agaly/Desktop/www/test.ru/index.php on line 23
[20-Sep-2022 20:54:03 UTC] PHP Warning:  mkdir(): File exists in /Users/agaly/Desktop/www/test.ru/index.php on line 20
[20-Sep-2022 20:54:03 UTC] PHP Warning:  mkdir(): File exists in /Users/agaly/Desktop/www/test.ru/index.php on line 23
[20-Sep-2022 20:54:03 UTC] PHP Warning:  mkdir(): File exists in /Users/agaly/Desktop/www/test.ru/index.php on line 20
[20-Sep-2022 20:54:03 UTC] PHP Warning:  mkdir(): File exists in /Users/agaly/Desktop/www/test.ru/index.php on line 23
[20-Sep-2022 20:54:03 UTC] PHP Warning:  mkdir(): File exists in /Users/agaly/Desktop/www/test.ru/index.php on line 20
[20-Sep-2022 20:54:03 UTC] PHP Warning:  mkdir(): File exists in /Users/agaly/Desktop/www/test.ru/index.php on line 23
[20-Sep-2022 20:54:03 UTC] PHP Warning:  mkdir(): File exists in /Users/agaly/Desktop/www/test.ru/index.php on line 20
[20-Sep-2022 20:54:03 UTC] PHP Warning:  mkdir(): File exists in /Users/agaly/Desktop/www/test.ru/index.php on line 23
[20-Sep-2022 20:54:03 UTC] PHP Warning:  mkdir(): File exists in /Users/agaly/Desktop/www/test.ru/index.php on line 20
[20-Sep-2022 20:54:03 UTC] PHP Warning:  mkdir(): File exists in /Users/agaly/Desktop/www/test.ru/index.php on line 23
[20-Sep-2022 20:54:03 UTC] PHP Warning:  mkdir(): File exists in /Users/agaly/Desktop/www/test.ru/index.php on line 20
[20-Sep-2022 20:54:03 UTC] PHP Warning:  mkdir(): File exists in /Users/agaly/Desktop/www/test.ru/index.php on line 23
[20-Sep-2022 20:54:03 UTC] PHP Warning:  mkdir(): File exists in /Users/agaly/Desktop/www/test.ru/index.php on line 20
[20-Sep-2022 21:36:25 UTC] PHP Warning:  file_get_contents(): Peer certificate CN=`an-cars.ru' did not match expected CN=`клевер-авто.рф' in /Users/agaly/Desktop/www/test.ru/index.php on line 26
[20-Sep-2022 21:36:25 UTC] PHP Warning:  file_get_contents(): Failed to enable crypto in /Users/agaly/Desktop/www/test.ru/index.php on line 26
[20-Sep-2022 21:36:25 UTC] PHP Warning:  file_get_contents(https://клевер-авто.рф/in-stock/audi/a6/119910/): Failed to open stream: operation failed in /Users/agaly/Desktop/www/test.ru/index.php on line 26
[20-Sep-2022 21:38:51 UTC] PHP Fatal error:  Uncaught Error: Call to a member function outerHTML() on null in /Users/agaly/Desktop/www/test.ru/index.php:30
Stack trace:
#0 {main}
  thrown in /Users/agaly/Desktop/www/test.ru/index.php on line 30
[20-Sep-2022 21:42:16 UTC] PHP Warning:  Attempt to read property "text" on null in /Users/agaly/Desktop/www/test.ru/index.php on line 30
[20-Sep-2022 21:42:42 UTC] PHP Warning:  Attempt to read property "text" on null in /Users/agaly/Desktop/www/test.ru/index.php on line 30
[20-Sep-2022 21:59:27 UTC] PHP Fatal error:  Uncaught ValueError: explode(): Argument #1 ($separator) cannot be empty in /Users/agaly/Desktop/www/test.ru/index.php:29
Stack trace:
#0 /Users/agaly/Desktop/www/test.ru/index.php(29): explode('', 'Audi A6 2.4 MT ...')
#1 {main}
  thrown in /Users/agaly/Desktop/www/test.ru/index.php on line 29
[20-Sep-2022 22:36:55 UTC] PHP Warning:  Undefined variable $blokcs in /Users/agaly/Desktop/www/test.ru/index.php on line 32
[20-Sep-2022 22:36:55 UTC] PHP Fatal error:  Uncaught Error: Call to a member function loadStr() on null in /Users/agaly/Desktop/www/test.ru/index.php:32
Stack trace:
#0 {main}
  thrown in /Users/agaly/Desktop/www/test.ru/index.php on line 32
[20-Sep-2022 22:48:49 UTC] PHP Warning:  Undefined variable $block in /Users/agaly/Desktop/www/test.ru/index.php on line 47
[20-Sep-2022 22:48:49 UTC] PHP Fatal error:  Uncaught Error: Call to a member function find() on null in /Users/agaly/Desktop/www/test.ru/index.php:47
Stack trace:
#0 {main}
  thrown in /Users/agaly/Desktop/www/test.ru/index.php on line 47
[20-Sep-2022 23:02:03 UTC] PHP Fatal error:  Uncaught PHPHtmlParser\Exceptions\EmptyCollectionException: The collection does not contain any Nodes. in /Users/agaly/Desktop/www/test.ru/vendor/paquettg/php-html-parser/src/PHPHtmlParser/Dom/Node/Collection.php:39
Stack trace:
#0 /Users/agaly/Desktop/www/test.ru/index.php(57): PHPHtmlParser\Dom\Node\Collection->__call('getAttribute', Array)
#1 {main}
  thrown in /Users/agaly/Desktop/www/test.ru/vendor/paquettg/php-html-parser/src/PHPHtmlParser/Dom/Node/Collection.php on line 39
[20-Sep-2022 23:02:51 UTC] PHP Fatal error:  Uncaught PHPHtmlParser\Exceptions\EmptyCollectionException: The collection does not contain any Nodes. in /Users/agaly/Desktop/www/test.ru/vendor/paquettg/php-html-parser/src/PHPHtmlParser/Dom/Node/Collection.php:39
Stack trace:
#0 /Users/agaly/Desktop/www/test.ru/index.php(57): PHPHtmlParser\Dom\Node\Collection->__call('getAttribute', Array)
#1 {main}
  thrown in /Users/agaly/Desktop/www/test.ru/vendor/paquettg/php-html-parser/src/PHPHtmlParser/Dom/Node/Collection.php on line 39
[20-Sep-2022 23:03:27 UTC] PHP Fatal error:  Uncaught PHPHtmlParser\Exceptions\EmptyCollectionException: The collection does not contain any Nodes. in /Users/agaly/Desktop/www/test.ru/vendor/paquettg/php-html-parser/src/PHPHtmlParser/Dom/Node/Collection.php:39
Stack trace:
#0 /Users/agaly/Desktop/www/test.ru/index.php(57): PHPHtmlParser\Dom\Node\Collection->__call('getAttribute', Array)
#1 {main}
  thrown in /Users/agaly/Desktop/www/test.ru/vendor/paquettg/php-html-parser/src/PHPHtmlParser/Dom/Node/Collection.php on line 39
[20-Sep-2022 23:04:18 UTC] PHP Fatal error:  Uncaught PHPHtmlParser\Exceptions\EmptyCollectionException: The collection does not contain any Nodes. in /Users/agaly/Desktop/www/test.ru/vendor/paquettg/php-html-parser/src/PHPHtmlParser/Dom/Node/Collection.php:39
Stack trace:
#0 /Users/agaly/Desktop/www/test.ru/index.php(57): PHPHtmlParser\Dom\Node\Collection->__call('getAttribute', Array)
#1 {main}
  thrown in /Users/agaly/Desktop/www/test.ru/vendor/paquettg/php-html-parser/src/PHPHtmlParser/Dom/Node/Collection.php on line 39
[20-Sep-2022 23:05:55 UTC] PHP Fatal error:  Uncaught PHPHtmlParser\Exceptions\EmptyCollectionException: The collection does not contain any Nodes. in /Users/agaly/Desktop/www/test.ru/vendor/paquettg/php-html-parser/src/PHPHtmlParser/Dom/Node/Collection.php:39
Stack trace:
#0 /Users/agaly/Desktop/www/test.ru/index.php(57): PHPHtmlParser\Dom\Node\Collection->__call('getAttribute', Array)
#1 {main}
  thrown in /Users/agaly/Desktop/www/test.ru/vendor/paquettg/php-html-parser/src/PHPHtmlParser/Dom/Node/Collection.php on line 39
[20-Sep-2022 23:06:21 UTC] PHP Fatal error:  Uncaught PHPHtmlParser\Exceptions\EmptyCollectionException: The collection does not contain any Nodes. in /Users/agaly/Desktop/www/test.ru/vendor/paquettg/php-html-parser/src/PHPHtmlParser/Dom/Node/Collection.php:39
Stack trace:
#0 /Users/agaly/Desktop/www/test.ru/index.php(57): PHPHtmlParser\Dom\Node\Collection->__call('getAttribute', Array)
#1 {main}
  thrown in /Users/agaly/Desktop/www/test.ru/vendor/paquettg/php-html-parser/src/PHPHtmlParser/Dom/Node/Collection.php on line 39
[20-Sep-2022 23:10:11 UTC] PHP Fatal error:  Uncaught PHPHtmlParser\Exceptions\EmptyCollectionException: The collection does not contain any Nodes. in /Users/agaly/Desktop/www/test.ru/vendor/paquettg/php-html-parser/src/PHPHtmlParser/Dom/Node/Collection.php:39
Stack trace:
#0 /Users/agaly/Desktop/www/test.ru/index.php(57): PHPHtmlParser\Dom\Node\Collection->__call('getAttribute', Array)
#1 {main}
  thrown in /Users/agaly/Desktop/www/test.ru/vendor/paquettg/php-html-parser/src/PHPHtmlParser/Dom/Node/Collection.php on line 39
[20-Sep-2022 23:11:50 UTC] PHP Fatal error:  Allowed memory size of 1048576000 bytes exhausted (tried to allocate 1040191488 bytes) in /Users/agaly/Desktop/www/test.ru/index.php on line 57
[20-Sep-2022 23:13:45 UTC] PHP Fatal error:  Uncaught PHPHtmlParser\Exceptions\EmptyCollectionException: The collection does not contain any Nodes. in /Users/agaly/Desktop/www/test.ru/vendor/paquettg/php-html-parser/src/PHPHtmlParser/Dom/Node/Collection.php:39
Stack trace:
#0 /Users/agaly/Desktop/www/test.ru/index.php(57): PHPHtmlParser\Dom\Node\Collection->__call('getAttribute', Array)
#1 {main}
  thrown in /Users/agaly/Desktop/www/test.ru/vendor/paquettg/php-html-parser/src/PHPHtmlParser/Dom/Node/Collection.php on line 39
[20-Sep-2022 23:14:33 UTC] PHP Fatal error:  Uncaught PHPHtmlParser\Exceptions\EmptyCollectionException: The collection does not contain any Nodes. in /Users/agaly/Desktop/www/test.ru/vendor/paquettg/php-html-parser/src/PHPHtmlParser/Dom/Node/Collection.php:39
Stack trace:
#0 /Users/agaly/Desktop/www/test.ru/index.php(57): PHPHtmlParser\Dom\Node\Collection->__call('getAttribute', Array)
#1 {main}
  thrown in /Users/agaly/Desktop/www/test.ru/vendor/paquettg/php-html-parser/src/PHPHtmlParser/Dom/Node/Collection.php on line 39
[20-Sep-2022 23:15:15 UTC] PHP Fatal error:  Uncaught PHPHtmlParser\Exceptions\EmptyCollectionException: The collection does not contain any Nodes. in /Users/agaly/Desktop/www/test.ru/vendor/paquettg/php-html-parser/src/PHPHtmlParser/Dom/Node/Collection.php:39
Stack trace:
#0 /Users/agaly/Desktop/www/test.ru/index.php(57): PHPHtmlParser\Dom\Node\Collection->__call('getAttribute', Array)
#1 {main}
  thrown in /Users/agaly/Desktop/www/test.ru/vendor/paquettg/php-html-parser/src/PHPHtmlParser/Dom/Node/Collection.php on line 39
[20-Sep-2022 23:22:50 UTC] PHP Fatal error:  Uncaught PHPHtmlParser\Exceptions\EmptyCollectionException: The collection does not contain any Nodes. in /Users/agaly/Desktop/www/test.ru/vendor/paquettg/php-html-parser/src/PHPHtmlParser/Dom/Node/Collection.php:39
Stack trace:
#0 /Users/agaly/Desktop/www/test.ru/index.php(57): PHPHtmlParser\Dom\Node\Collection->__call('getAttribute', Array)
#1 {main}
  thrown in /Users/agaly/Desktop/www/test.ru/vendor/paquettg/php-html-parser/src/PHPHtmlParser/Dom/Node/Collection.php on line 39
[20-Sep-2022 23:29:49 UTC] PHP Fatal error:  Uncaught PHPHtmlParser\Exceptions\EmptyCollectionException: The collection does not contain any Nodes. in /Users/agaly/Desktop/www/test.ru/vendor/paquettg/php-html-parser/src/PHPHtmlParser/Dom/Node/Collection.php:39
Stack trace:
#0 /Users/agaly/Desktop/www/test.ru/index.php(61): PHPHtmlParser\Dom\Node\Collection->__call('getAttribute', Array)
#1 {main}
  thrown in /Users/agaly/Desktop/www/test.ru/vendor/paquettg/php-html-parser/src/PHPHtmlParser/Dom/Node/Collection.php on line 39
[20-Sep-2022 23:30:26 UTC] PHP Fatal error:  Uncaught PHPHtmlParser\Exceptions\EmptyCollectionException: The collection does not contain any Nodes. in /Users/agaly/Desktop/www/test.ru/vendor/paquettg/php-html-parser/src/PHPHtmlParser/Dom/Node/Collection.php:39
Stack trace:
#0 /Users/agaly/Desktop/www/test.ru/index.php(61): PHPHtmlParser\Dom\Node\Collection->__call('getAttribute', Array)
#1 {main}
  thrown in /Users/agaly/Desktop/www/test.ru/vendor/paquettg/php-html-parser/src/PHPHtmlParser/Dom/Node/Collection.php on line 39
[20-Sep-2022 23:34:17 UTC] PHP Fatal error:  Uncaught PHPHtmlParser\Exceptions\EmptyCollectionException: The collection does not contain any Nodes. in /Users/agaly/Desktop/www/test.ru/vendor/paquettg/php-html-parser/src/PHPHtmlParser/Dom/Node/Collection.php:39
Stack trace:
#0 /Users/agaly/Desktop/www/test.ru/index.php(62): PHPHtmlParser\Dom\Node\Collection->__call('getAttribute', Array)
#1 {main}
  thrown in /Users/agaly/Desktop/www/test.ru/vendor/paquettg/php-html-parser/src/PHPHtmlParser/Dom/Node/Collection.php on line 39
[20-Sep-2022 23:34:24 UTC] PHP Fatal error:  Uncaught PHPHtmlParser\Exceptions\EmptyCollectionException: The collection does not contain any Nodes. in /Users/agaly/Desktop/www/test.ru/vendor/paquettg/php-html-parser/src/PHPHtmlParser/Dom/Node/Collection.php:39
Stack trace:
#0 /Users/agaly/Desktop/www/test.ru/index.php(62): PHPHtmlParser\Dom\Node\Collection->__call('getAttribute', Array)
#1 {main}
  thrown in /Users/agaly/Desktop/www/test.ru/vendor/paquettg/php-html-parser/src/PHPHtmlParser/Dom/Node/Collection.php on line 39
[20-Sep-2022 23:51:31 UTC] PHP Fatal error:  Uncaught Error: Call to a member function fetch_assoc() on bool in /Users/agaly/Desktop/www/test.ru/index.php:69
Stack trace:
#0 {main}
  thrown in /Users/agaly/Desktop/www/test.ru/index.php on line 69
[20-Sep-2022 23:51:59 UTC] PHP Fatal error:  Uncaught Error: Object of class mysqli_result could not be converted to string in /Users/agaly/Desktop/www/test.ru/index.php:76
Stack trace:
#0 {main}
  thrown in /Users/agaly/Desktop/www/test.ru/index.php on line 76
[20-Sep-2022 23:54:53 UTC] PHP Warning:  Undefined array key "LAST_INSERT_ID" in /Users/agaly/Desktop/www/test.ru/index.php on line 69
[20-Sep-2022 23:55:32 UTC] PHP Fatal error:  Uncaught PHPHtmlParser\Exceptions\EmptyCollectionException: The collection does not contain any Nodes. in /Users/agaly/Desktop/www/test.ru/vendor/paquettg/php-html-parser/src/PHPHtmlParser/Dom/Node/Collection.php:39
Stack trace:
#0 /Users/agaly/Desktop/www/test.ru/index.php(79): PHPHtmlParser\Dom\Node\Collection->__call('getAttribute', Array)
#1 {main}
  thrown in /Users/agaly/Desktop/www/test.ru/vendor/paquettg/php-html-parser/src/PHPHtmlParser/Dom/Node/Collection.php on line 39
[21-Sep-2022 00:00:16 UTC] PHP Warning:  Undefined array key "LAST_INSERT_ID" in /Users/agaly/Desktop/www/test.ru/index.php on line 69
[21-Sep-2022 00:00:53 UTC] PHP Fatal error:  Uncaught PHPHtmlParser\Exceptions\EmptyCollectionException: The collection does not contain any Nodes. in /Users/agaly/Desktop/www/test.ru/vendor/paquettg/php-html-parser/src/PHPHtmlParser/Dom/Node/Collection.php:39
Stack trace:
#0 /Users/agaly/Desktop/www/test.ru/index.php(81): PHPHtmlParser\Dom\Node\Collection->__call('getAttribute', Array)
#1 {main}
  thrown in /Users/agaly/Desktop/www/test.ru/vendor/paquettg/php-html-parser/src/PHPHtmlParser/Dom/Node/Collection.php on line 39
[21-Sep-2022 00:01:41 UTC] PHP Warning:  Undefined array key "LAST_INSERT_ID" in /Users/agaly/Desktop/www/test.ru/index.php on line 69
[21-Sep-2022 00:03:43 UTC] PHP Fatal error:  Uncaught PHPHtmlParser\Exceptions\EmptyCollectionException: The collection does not contain any Nodes. in /Users/agaly/Desktop/www/test.ru/vendor/paquettg/php-html-parser/src/PHPHtmlParser/Dom/Node/Collection.php:39
Stack trace:
#0 /Users/agaly/Desktop/www/test.ru/index.php(81): PHPHtmlParser\Dom\Node\Collection->__call('getAttribute', Array)
#1 {main}
  thrown in /Users/agaly/Desktop/www/test.ru/vendor/paquettg/php-html-parser/src/PHPHtmlParser/Dom/Node/Collection.php on line 39
[21-Sep-2022 00:04:21 UTC] PHP Fatal error:  Uncaught PHPHtmlParser\Exceptions\EmptyCollectionException: The collection does not contain any Nodes. in /Users/agaly/Desktop/www/test.ru/vendor/paquettg/php-html-parser/src/PHPHtmlParser/Dom/Node/Collection.php:39
Stack trace:
#0 /Users/agaly/Desktop/www/test.ru/index.php(81): PHPHtmlParser\Dom\Node\Collection->__call('getAttribute', Array)
#1 {main}
  thrown in /Users/agaly/Desktop/www/test.ru/vendor/paquettg/php-html-parser/src/PHPHtmlParser/Dom/Node/Collection.php on line 39
[21-Sep-2022 09:14:11 UTC] PHP Fatal error:  Uncaught PHPHtmlParser\Exceptions\EmptyCollectionException: The collection does not contain any Nodes. in /Users/agaly/Desktop/www/test.ru/vendor/paquettg/php-html-parser/src/PHPHtmlParser/Dom/Node/Collection.php:39
Stack trace:
#0 /Users/agaly/Desktop/www/test.ru/index.php(82): PHPHtmlParser\Dom\Node\Collection->__call('getAttribute', Array)
#1 {main}
  thrown in /Users/agaly/Desktop/www/test.ru/vendor/paquettg/php-html-parser/src/PHPHtmlParser/Dom/Node/Collection.php on line 39
[21-Sep-2022 09:14:12 UTC] PHP Fatal error:  Uncaught PHPHtmlParser\Exceptions\EmptyCollectionException: The collection does not contain any Nodes. in /Users/agaly/Desktop/www/test.ru/vendor/paquettg/php-html-parser/src/PHPHtmlParser/Dom/Node/Collection.php:39
Stack trace:
#0 /Users/agaly/Desktop/www/test.ru/index.php(82): PHPHtmlParser\Dom\Node\Collection->__call('getAttribute', Array)
#1 {main}
  thrown in /Users/agaly/Desktop/www/test.ru/vendor/paquettg/php-html-parser/src/PHPHtmlParser/Dom/Node/Collection.php on line 39
[21-Sep-2022 09:16:01 UTC] PHP Fatal error:  Uncaught PHPHtmlParser\Exceptions\EmptyCollectionException: The collection does not contain any Nodes. in /Users/agaly/Desktop/www/test.ru/vendor/paquettg/php-html-parser/src/PHPHtmlParser/Dom/Node/Collection.php:39
Stack trace:
#0 /Users/agaly/Desktop/www/test.ru/index.php(82): PHPHtmlParser\Dom\Node\Collection->__call('getAttribute', Array)
#1 {main}
  thrown in /Users/agaly/Desktop/www/test.ru/vendor/paquettg/php-html-parser/src/PHPHtmlParser/Dom/Node/Collection.php on line 39
[21-Sep-2022 09:18:33 UTC] PHP Fatal error:  Uncaught PHPHtmlParser\Exceptions\EmptyCollectionException: The collection does not contain any Nodes. in /Users/agaly/Desktop/www/test.ru/vendor/paquettg/php-html-parser/src/PHPHtmlParser/Dom/Node/Collection.php:39
Stack trace:
#0 /Users/agaly/Desktop/www/test.ru/index.php(82): PHPHtmlParser\Dom\Node\Collection->__call('getAttribute', Array)
#1 {main}
  thrown in /Users/agaly/Desktop/www/test.ru/vendor/paquettg/php-html-parser/src/PHPHtmlParser/Dom/Node/Collection.php on line 39
[21-Sep-2022 09:21:30 UTC] PHP Fatal error:  Uncaught PHPHtmlParser\Exceptions\EmptyCollectionException: The collection does not contain any Nodes. in /Users/agaly/Desktop/www/test.ru/vendor/paquettg/php-html-parser/src/PHPHtmlParser/Dom/Node/Collection.php:39
Stack trace:
#0 /Users/agaly/Desktop/www/test.ru/index.php(83): PHPHtmlParser\Dom\Node\Collection->__call('getAttribute', Array)
#1 {main}
  thrown in /Users/agaly/Desktop/www/test.ru/vendor/paquettg/php-html-parser/src/PHPHtmlParser/Dom/Node/Collection.php on line 39
[21-Sep-2022 09:24:21 UTC] PHP Fatal error:  Uncaught PHPHtmlParser\Exceptions\EmptyCollectionException: The collection does not contain any Nodes. in /Users/agaly/Desktop/www/test.ru/vendor/paquettg/php-html-parser/src/PHPHtmlParser/Dom/Node/Collection.php:39
Stack trace:
#0 /Users/agaly/Desktop/www/test.ru/index.php(83): PHPHtmlParser\Dom\Node\Collection->__call('getAttribute', Array)
#1 {main}
  thrown in /Users/agaly/Desktop/www/test.ru/vendor/paquettg/php-html-parser/src/PHPHtmlParser/Dom/Node/Collection.php on line 39
[21-Sep-2022 09:27:31 UTC] PHP Fatal error:  Uncaught PHPHtmlParser\Exceptions\EmptyCollectionException: The collection does not contain any Nodes. in /Users/agaly/Desktop/www/test.ru/vendor/paquettg/php-html-parser/src/PHPHtmlParser/Dom/Node/Collection.php:39
Stack trace:
#0 /Users/agaly/Desktop/www/test.ru/index.php(83): PHPHtmlParser\Dom\Node\Collection->__call('getAttribute', Array)
#1 {main}
  thrown in /Users/agaly/Desktop/www/test.ru/vendor/paquettg/php-html-parser/src/PHPHtmlParser/Dom/Node/Collection.php on line 39
[21-Sep-2022 09:28:51 UTC] PHP Fatal error:  Uncaught PHPHtmlParser\Exceptions\EmptyCollectionException: The collection does not contain any Nodes. in /Users/agaly/Desktop/www/test.ru/vendor/paquettg/php-html-parser/src/PHPHtmlParser/Dom/Node/Collection.php:39
Stack trace:
#0 /Users/agaly/Desktop/www/test.ru/index.php(83): PHPHtmlParser\Dom\Node\Collection->__call('getAttribute', Array)
#1 {main}
  thrown in /Users/agaly/Desktop/www/test.ru/vendor/paquettg/php-html-parser/src/PHPHtmlParser/Dom/Node/Collection.php on line 39
[21-Sep-2022 09:30:05 UTC] PHP Fatal error:  Uncaught PHPHtmlParser\Exceptions\EmptyCollectionException: The collection does not contain any Nodes. in /Users/agaly/Desktop/www/test.ru/vendor/paquettg/php-html-parser/src/PHPHtmlParser/Dom/Node/Collection.php:39
Stack trace:
#0 /Users/agaly/Desktop/www/test.ru/index.php(97): PHPHtmlParser\Dom\Node\Collection->__call('getAttribute', Array)
#1 {main}
  thrown in /Users/agaly/Desktop/www/test.ru/vendor/paquettg/php-html-parser/src/PHPHtmlParser/Dom/Node/Collection.php on line 39
[21-Sep-2022 09:35:32 UTC] PHP Fatal error:  Uncaught PHPHtmlParser\Exceptions\EmptyCollectionException: The collection does not contain any Nodes. in /Users/agaly/Desktop/www/test.ru/vendor/paquettg/php-html-parser/src/PHPHtmlParser/Dom/Node/Collection.php:39
Stack trace:
#0 /Users/agaly/Desktop/www/test.ru/index.php(97): PHPHtmlParser\Dom\Node\Collection->__call('getAttribute', Array)
#1 {main}
  thrown in /Users/agaly/Desktop/www/test.ru/vendor/paquettg/php-html-parser/src/PHPHtmlParser/Dom/Node/Collection.php on line 39
[21-Sep-2022 09:37:21 UTC] PHP Warning:  Undefined variable $sliter in /Users/agaly/Desktop/www/test.ru/index.php on line 96
[21-Sep-2022 09:37:23 UTC] PHP Warning:  Undefined variable $sliter in /Users/agaly/Desktop/www/test.ru/index.php on line 96
[21-Sep-2022 09:37:27 UTC] PHP Warning:  Undefined variable $sliter in /Users/agaly/Desktop/www/test.ru/index.php on line 96
[21-Sep-2022 09:37:30 UTC] PHP Warning:  Undefined variable $sliter in /Users/agaly/Desktop/www/test.ru/index.php on line 96
[21-Sep-2022 09:37:32 UTC] PHP Warning:  Undefined variable $sliter in /Users/agaly/Desktop/www/test.ru/index.php on line 96
[21-Sep-2022 09:37:33 UTC] PHP Warning:  Undefined variable $sliter in /Users/agaly/Desktop/www/test.ru/index.php on line 96
[21-Sep-2022 09:37:35 UTC] PHP Warning:  Undefined variable $sliter in /Users/agaly/Desktop/www/test.ru/index.php on line 96
[21-Sep-2022 09:37:37 UTC] PHP Warning:  Undefined variable $sliter in /Users/agaly/Desktop/www/test.ru/index.php on line 96
[21-Sep-2022 09:37:39 UTC] PHP Warning:  Undefined variable $sliter in /Users/agaly/Desktop/www/test.ru/index.php on line 96
[21-Sep-2022 09:37:41 UTC] PHP Warning:  Undefined variable $sliter in /Users/agaly/Desktop/www/test.ru/index.php on line 96
[21-Sep-2022 09:37:42 UTC] PHP Warning:  Undefined variable $sliter in /Users/agaly/Desktop/www/test.ru/index.php on line 96
[21-Sep-2022 09:37:44 UTC] PHP Warning:  Undefined variable $sliter in /Users/agaly/Desktop/www/test.ru/index.php on line 96
[21-Sep-2022 09:37:45 UTC] PHP Warning:  Undefined variable $sliter in /Users/agaly/Desktop/www/test.ru/index.php on line 96
[21-Sep-2022 09:37:47 UTC] PHP Warning:  Undefined variable $sliter in /Users/agaly/Desktop/www/test.ru/index.php on line 96
[21-Sep-2022 09:37:49 UTC] PHP Warning:  Undefined variable $sliter in /Users/agaly/Desktop/www/test.ru/index.php on line 96
[21-Sep-2022 09:37:51 UTC] PHP Warning:  Undefined variable $sliter in /Users/agaly/Desktop/www/test.ru/index.php on line 96
[21-Sep-2022 09:37:52 UTC] PHP Warning:  Undefined variable $sliter in /Users/agaly/Desktop/www/test.ru/index.php on line 96
[21-Sep-2022 09:37:54 UTC] PHP Warning:  Undefined variable $sliter in /Users/agaly/Desktop/www/test.ru/index.php on line 96
[21-Sep-2022 09:37:54 UTC] PHP Fatal error:  Uncaught PHPHtmlParser\Exceptions\EmptyCollectionException: The collection does not contain any Nodes. in /Users/agaly/Desktop/www/test.ru/vendor/paquettg/php-html-parser/src/PHPHtmlParser/Dom/Node/Collection.php:39
Stack trace:
#0 /Users/agaly/Desktop/www/test.ru/index.php(97): PHPHtmlParser\Dom\Node\Collection->__call('getAttribute', Array)
#1 {main}
  thrown in /Users/agaly/Desktop/www/test.ru/vendor/paquettg/php-html-parser/src/PHPHtmlParser/Dom/Node/Collection.php on line 39
[21-Sep-2022 09:40:06 UTC] PHP Fatal error:  Uncaught PHPHtmlParser\Exceptions\EmptyCollectionException: The collection does not contain any Nodes. in /Users/agaly/Desktop/www/test.ru/vendor/paquettg/php-html-parser/src/PHPHtmlParser/Dom/Node/Collection.php:39
Stack trace:
#0 /Users/agaly/Desktop/www/test.ru/index.php(97): PHPHtmlParser\Dom\Node\Collection->__call('getAttribute', Array)
#1 {main}
  thrown in /Users/agaly/Desktop/www/test.ru/vendor/paquettg/php-html-parser/src/PHPHtmlParser/Dom/Node/Collection.php on line 39
[21-Sep-2022 09:42:09 UTC] PHP Fatal error:  Uncaught PHPHtmlParser\Exceptions\EmptyCollectionException: The collection does not contain any Nodes. in /Users/agaly/Desktop/www/test.ru/vendor/paquettg/php-html-parser/src/PHPHtmlParser/Dom/Node/Collection.php:39
Stack trace:
#0 /Users/agaly/Desktop/www/test.ru/index.php(97): PHPHtmlParser\Dom\Node\Collection->__call('getAttribute', Array)
#1 {main}
  thrown in /Users/agaly/Desktop/www/test.ru/vendor/paquettg/php-html-parser/src/PHPHtmlParser/Dom/Node/Collection.php on line 39
[21-Sep-2022 10:01:48 UTC] PHP Fatal error:  Uncaught PHPHtmlParser\Exceptions\EmptyCollectionException: The collection does not contain any Nodes. in /Users/agaly/Desktop/www/test.ru/vendor/paquettg/php-html-parser/src/PHPHtmlParser/Dom/Node/Collection.php:39
Stack trace:
#0 /Users/agaly/Desktop/www/test.ru/index.php(97): PHPHtmlParser\Dom\Node\Collection->__call('getAttribute', Array)
#1 {main}
  thrown in /Users/agaly/Desktop/www/test.ru/vendor/paquettg/php-html-parser/src/PHPHtmlParser/Dom/Node/Collection.php on line 39
[21-Sep-2022 10:04:37 UTC] PHP Fatal error:  Uncaught ValueError: Path cannot be empty in /Users/agaly/Desktop/www/test.ru/index.php:97
Stack trace:
#0 /Users/agaly/Desktop/www/test.ru/index.php(97): file_get_contents('')
#1 {main}
  thrown in /Users/agaly/Desktop/www/test.ru/index.php on line 97
[21-Sep-2022 10:08:33 UTC] PHP Warning:  file_get_contents(tel:+78122007757): Failed to open stream: No such file or directory in /Users/agaly/Desktop/www/test.ru/index.php on line 97
[21-Sep-2022 10:08:33 UTC] PHP Warning:  file_get_contents(tel:+78122007757): Failed to open stream: No such file or directory in /Users/agaly/Desktop/www/test.ru/index.php on line 97
[21-Sep-2022 10:08:33 UTC] PHP Warning:  file_get_contents(credit/?mark=1&amp;folder=2&amp;car_id=3989): Failed to open stream: No such file or directory in /Users/agaly/Desktop/www/test.ru/index.php on line 97
[21-Sep-2022 10:08:33 UTC] PHP Warning:  file_get_contents(credit/?mark=1&amp;folder=2&amp;car_id=3989): Failed to open stream: No such file or directory in /Users/agaly/Desktop/www/test.ru/index.php on line 97
[21-Sep-2022 10:08:33 UTC] PHP Warning:  file_get_contents(credit/?mark=1&amp;folder=2&amp;car_id=3989): Failed to open stream: No such file or directory in /Users/agaly/Desktop/www/test.ru/index.php on line 97
[21-Sep-2022 10:08:33 UTC] PHP Warning:  file_get_contents(trade-in/?mark=1&amp;folder=2&amp;car_id=3989): Failed to open stream: No such file or directory in /Users/agaly/Desktop/www/test.ru/index.php on line 97
[21-Sep-2022 10:08:33 UTC] PHP Warning:  file_get_contents(tel:+78122007757): Failed to open stream: No such file or directory in /Users/agaly/Desktop/www/test.ru/index.php on line 97
[21-Sep-2022 10:08:33 UTC] PHP Warning:  file_get_contents(credit/?mark=1&amp;folder=2&amp;car_id=3989): Failed to open stream: No such file or directory in /Users/agaly/Desktop/www/test.ru/index.php on line 97
[21-Sep-2022 10:08:33 UTC] PHP Warning:  file_get_contents(credit/?mark=1&amp;folder=2&amp;car_id=3989): Failed to open stream: No such file or directory in /Users/agaly/Desktop/www/test.ru/index.php on line 97
[21-Sep-2022 10:08:33 UTC] PHP Warning:  file_get_contents(credit/?mark=1&amp;folder=2&amp;car_id=3989): Failed to open stream: No such file or directory in /Users/agaly/Desktop/www/test.ru/index.php on line 97
[21-Sep-2022 10:08:33 UTC] PHP Warning:  file_get_contents(trade-in/?mark=1&amp;folder=2&amp;car_id=3989): Failed to open stream: No such file or directory in /Users/agaly/Desktop/www/test.ru/index.php on line 97
[21-Sep-2022 10:08:33 UTC] PHP Warning:  file_get_contents(credit/?mark=1&amp;folder=2&amp;car_id=3989): Failed to open stream: No such file or directory in /Users/agaly/Desktop/www/test.ru/index.php on line 97
[21-Sep-2022 10:08:33 UTC] PHP Warning:  file_get_contents(credit/?mark=1&amp;folder=2&amp;car_id=3989): Failed to open stream: No such file or directory in /Users/agaly/Desktop/www/test.ru/index.php on line 97
[21-Sep-2022 10:08:33 UTC] PHP Warning:  file_get_contents(trade-in/?mark=1&amp;folder=2&amp;car_id=3989): Failed to open stream: No such file or directory in /Users/agaly/Desktop/www/test.ru/index.php on line 97
[21-Sep-2022 10:08:33 UTC] PHP Warning:  file_get_contents(credit/?mark=1&amp;folder=2&amp;car_id=3989): Failed to open stream: No such file or directory in /Users/agaly/Desktop/www/test.ru/index.php on line 97
[21-Sep-2022 10:08:33 UTC] PHP Warning:  file_get_contents(trade-in/?mark=1&amp;folder=2&amp;car_id=3989): Failed to open stream: No such file or directory in /Users/agaly/Desktop/www/test.ru/index.php on line 97
[21-Sep-2022 10:08:33 UTC] PHP Warning:  file_get_contents(trade-in/?mark=1&amp;folder=2&amp;car_id=3989): Failed to open stream: No such file or directory in /Users/agaly/Desktop/www/test.ru/index.php on line 97
[21-Sep-2022 10:08:33 UTC] PHP Warning:  file_get_contents(tel:+78122007757): Failed to open stream: No such file or directory in /Users/agaly/Desktop/www/test.ru/index.php on line 97
[21-Sep-2022 10:08:33 UTC] PHP Warning:  file_get_contents(credit/?mark=1&amp;folder=2&amp;car_id=3989): Failed to open stream: No such file or directory in /Users/agaly/Desktop/www/test.ru/index.php on line 97
[21-Sep-2022 10:08:33 UTC] PHP Warning:  file_get_contents(credit/?mark=1&amp;folder=2&amp;car_id=3989): Failed to open stream: No such file or directory in /Users/agaly/Desktop/www/test.ru/index.php on line 97
[21-Sep-2022 10:08:33 UTC] PHP Warning:  file_get_contents(credit/?mark=1&amp;folder=2&amp;car_id=3989): Failed to open stream: No such file or directory in /Users/agaly/Desktop/www/test.ru/index.php on line 97
[21-Sep-2022 10:08:33 UTC] PHP Warning:  file_get_contents(trade-in/?mark=1&amp;folder=2&amp;car_id=3989): Failed to open stream: No such file or directory in /Users/agaly/Desktop/www/test.ru/index.php on line 97
[21-Sep-2022 10:08:33 UTC] PHP Warning:  file_get_contents(credit/?mark=1&amp;folder=2&amp;car_id=3989): Failed to open stream: No such file or directory in /Users/agaly/Desktop/www/test.ru/index.php on line 97
[21-Sep-2022 10:08:33 UTC] PHP Warning:  file_get_contents(credit/?mark=1&amp;folder=2&amp;car_id=3989): Failed to open stream: No such file or directory in /Users/agaly/Desktop/www/test.ru/index.php on line 97
[21-Sep-2022 10:08:33 UTC] PHP Warning:  file_get_contents(trade-in/?mark=1&amp;folder=2&amp;car_id=3989): Failed to open stream: No such file or directory in /Users/agaly/Desktop/www/test.ru/index.php on line 97
[21-Sep-2022 10:08:33 UTC] PHP Warning:  file_get_contents(credit/?mark=1&amp;folder=2&amp;car_id=3989): Failed to open stream: No such file or directory in /Users/agaly/Desktop/www/test.ru/index.php on line 97
[21-Sep-2022 10:08:33 UTC] PHP Warning:  file_get_contents(trade-in/?mark=1&amp;folder=2&amp;car_id=3989): Failed to open stream: No such file or directory in /Users/agaly/Desktop/www/test.ru/index.php on line 97
[21-Sep-2022 10:08:33 UTC] PHP Warning:  file_get_contents(trade-in/?mark=1&amp;folder=2&amp;car_id=3989): Failed to open stream: No such file or directory in /Users/agaly/Desktop/www/test.ru/index.php on line 97
[21-Sep-2022 10:08:33 UTC] PHP Warning:  file_get_contents(credit/?mark=1&amp;folder=2&amp;car_id=3989): Failed to open stream: No such file or directory in /Users/agaly/Desktop/www/test.ru/index.php on line 97
[21-Sep-2022 10:08:33 UTC] PHP Warning:  file_get_contents(credit/?mark=1&amp;folder=2&amp;car_id=3989): Failed to open stream: No such file or directory in /Users/agaly/Desktop/www/test.ru/index.php on line 97
[21-Sep-2022 10:08:33 UTC] PHP Warning:  file_get_contents(trade-in/?mark=1&amp;folder=2&amp;car_id=3989): Failed to open stream: No such file or directory in /Users/agaly/Desktop/www/test.ru/index.php on line 97
[21-Sep-2022 10:08:33 UTC] PHP Warning:  file_get_contents(credit/?mark=1&amp;folder=2&amp;car_id=3989): Failed to open stream: No such file or directory in /Users/agaly/Desktop/www/test.ru/index.php on line 97
[21-Sep-2022 10:08:33 UTC] PHP Warning:  file_get_contents(trade-in/?mark=1&amp;folder=2&amp;car_id=3989): Failed to open stream: No such file or directory in /Users/agaly/Desktop/www/test.ru/index.php on line 97
[21-Sep-2022 10:08:33 UTC] PHP Warning:  file_get_contents(trade-in/?mark=1&amp;folder=2&amp;car_id=3989): Failed to open stream: No such file or directory in /Users/agaly/Desktop/www/test.ru/index.php on line 97
[21-Sep-2022 10:08:33 UTC] PHP Warning:  file_get_contents(credit/?mark=1&amp;folder=2&amp;car_id=3989): Failed to open stream: No such file or directory in /Users/agaly/Desktop/www/test.ru/index.php on line 97
[21-Sep-2022 10:08:33 UTC] PHP Warning:  file_get_contents(trade-in/?mark=1&amp;folder=2&amp;car_id=3989): Failed to open stream: No such file or directory in /Users/agaly/Desktop/www/test.ru/index.php on line 97
[21-Sep-2022 10:08:33 UTC] PHP Warning:  file_get_contents(trade-in/?mark=1&amp;folder=2&amp;car_id=3989): Failed to open stream: No such file or directory in /Users/agaly/Desktop/www/test.ru/index.php on line 97
[21-Sep-2022 10:08:33 UTC] PHP Warning:  file_get_contents(trade-in/?mark=1&amp;folder=2&amp;car_id=3989): Failed to open stream: No such file or directory in /Users/agaly/Desktop/www/test.ru/index.php on line 97
[21-Sep-2022 10:13:36 UTC] PHP Fatal error:  Uncaught ValueError: Path cannot be empty in /Users/agaly/Desktop/www/test.ru/index.php:96
Stack trace:
#0 /Users/agaly/Desktop/www/test.ru/index.php(96): file_get_contents('')
#1 {main}
  thrown in /Users/agaly/Desktop/www/test.ru/index.php on line 96
